Drill report for S:\Krzysztof\_Projekt magisterka\kicad\Pendrive_v1\Pendrive_v1.kicad_pcb
Created on 07.05.2022 19:18:04

Copper Layer Stackup:
    =============================================================
    L1 :  F.Cu                      front
    L2 :  B.Cu                      back


Drill file 'Pendrive_v1-PTH.drl' contains
    plated through holes:
    =============================================================
    T1  0,40mm  0,016"  (42 holes)
    T2  0,92mm  0,036"  (4 holes)
    T3  1,00mm  0,039"  (4 holes)
    T4  2,20mm  0,087"  (2 holes)

    Total plated holes count 52


Drill file 'Pendrive_v1-NPTH.drl' contains
    unplated through holes:
    =============================================================
    T1  1,00mm  0,039"  (2 holes)
    T2  1,10mm  0,043"  (2 holes)

    Total unplated holes count 4
